-------------------------------------------------------------------------------
Test set: de.zib.scalaris.datanucleus.store.test.TestPersistenceForExcel
-------------------------------------------------------------------------------
Tests run: 1, Failures: 0, Errors: 1, Skipped: 0, Time elapsed: 1 sec <<< FAILURE!
test_01_Excel_save(de.zib.scalaris.datanucleus.store.test.TestPersistenceForExcel)  Time elapsed: 0.931 sec  <<< ERROR!
javax.jdo.JDODataStoreException: An error occured while creating scalaris connection
	at org.datanucleus.api.jdo.NucleusJDOHelper.getJDOExceptionForNucleusException(NucleusJDOHelper.java:546)
	at org.datanucleus.api.jdo.JDOPersistenceManager.jdoMakePersistent(JDOPersistenceManager.java:725)
	at org.datanucleus.api.jdo.JDOPersistenceManager.makePersistent(JDOPersistenceManager.java:745)
	at de.zib.scalaris.datanucleus.store.test.TestPersistenceForExcel.test_01_Excel_save(TestPersistenceForExcel.java:24)
	at sun.reflect.NativeMethodAccessorImpl.invoke0(Native Method)
	at sun.reflect.NativeMethodAccessorImpl.invoke(NativeMethodAccessorImpl.java:57)
	at sun.reflect.DelegatingMethodAccessorImpl.invoke(DelegatingMethodAccessorImpl.java:43)
	at java.lang.reflect.Method.invoke(Method.java:606)
	at junit.framework.TestCase.runTest(TestCase.java:176)
	at junit.framework.TestCase.runBare(TestCase.java:141)
	at junit.framework.TestResult$1.protect(TestResult.java:122)
	at junit.framework.TestResult.runProtected(TestResult.java:142)
	at junit.framework.TestResult.run(TestResult.java:125)
	at junit.framework.TestCase.run(TestCase.java:129)
	at junit.framework.TestSuite.runTest(TestSuite.java:252)
	at junit.framework.TestSuite.run(TestSuite.java:247)
	at org.junit.internal.runners.JUnit38ClassRunner.run(JUnit38ClassRunner.java:86)
	at org.apache.maven.surefire.junit4.JUnit4Provider.execute(JUnit4Provider.java:252)
	at org.apache.maven.surefire.junit4.JUnit4Provider.executeTestSet(JUnit4Provider.java:141)
	at org.apache.maven.surefire.junit4.JUnit4Provider.invoke(JUnit4Provider.java:112)
	at sun.reflect.NativeMethodAccessorImpl.invoke0(Native Method)
	at sun.reflect.NativeMethodAccessorImpl.invoke(NativeMethodAccessorImpl.java:57)
	at sun.reflect.DelegatingMethodAccessorImpl.invoke(DelegatingMethodAccessorImpl.java:43)
	at java.lang.reflect.Method.invoke(Method.java:606)
	at org.apache.maven.surefire.util.ReflectionUtils.invokeMethodWithArray(ReflectionUtils.java:189)
	at org.apache.maven.surefire.booter.ProviderFactory$ProviderProxy.invoke(ProviderFactory.java:165)
	at org.apache.maven.surefire.booter.ProviderFactory.invokeProvider(ProviderFactory.java:85)
	at org.apache.maven.surefire.booter.ForkedBooter.runSuitesInProcess(ForkedBooter.java:115)
	at org.apache.maven.surefire.booter.ForkedBooter.main(ForkedBooter.java:75)
NestedThrowablesStackTrace:
de.zib.scalaris.ConnectionException: Cannot connect to peer node, bad nodes: [node1@127.0.53.53], good nodes: [], retries: 3
	at com.ericsson.otp.erlang.AbstractConnection.doConnect(AbstractConnection.java:995)
	at com.ericsson.otp.erlang.AbstractConnection.<init>(AbstractConnection.java:204)
	at com.ericsson.otp.erlang.OtpConnection.<init>(OtpConnection.java:86)
	at com.ericsson.otp.erlang.OtpSelf.connect(OtpSelf.java:219)
	at de.zib.scalaris.Connection.connect(Connection.java:130)
	at de.zib.scalaris.Connection.<init>(Connection.java:107)
	at de.zib.scalaris.ConnectionFactory.createConnection(ConnectionFactory.java:264)
	at de.zib.scalaris.ConnectionFactory.createConnection(ConnectionFactory.java:292)
	at de.zib.scalaris.ConnectionFactory.createConnection(ConnectionFactory.java:313)
	at de.zib.scalaris.ConnectionFactory.createConnection(ConnectionFactory.java:350)
	at org.datanucleus.store.scalaris.ConnectionFactoryImpl$ManagedConnectionImpl.getConnection(ConnectionFactoryImpl.java:204)
	at org.datanucleus.store.scalaris.ScalarisPersistenceHandler.insertObject(ScalarisPersistenceHandler.java:109)
	at org.datanucleus.state.StateManagerImpl.internalMakePersistent(StateManagerImpl.java:3448)
	at org.datanucleus.state.StateManagerImpl.makePersistent(StateManagerImpl.java:3424)
	at org.datanucleus.ExecutionContextImpl.persistObjectInternal(ExecutionContextImpl.java:2000)
	at org.datanucleus.ExecutionContextImpl.persistObjectWork(ExecutionContextImpl.java:1843)
	at org.datanucleus.ExecutionContextImpl.persistObject(ExecutionContextImpl.java:1698)
	at org.datanucleus.api.jdo.JDOPersistenceManager.jdoMakePersistent(JDOPersistenceManager.java:720)
	at org.datanucleus.api.jdo.JDOPersistenceManager.makePersistent(JDOPersistenceManager.java:745)
	at de.zib.scalaris.datanucleus.store.test.TestPersistenceForExcel.test_01_Excel_save(TestPersistenceForExcel.java:24)
	at sun.reflect.NativeMethodAccessorImpl.invoke0(Native Method)
	at sun.reflect.NativeMethodAccessorImpl.invoke(NativeMethodAccessorImpl.java:57)
	at sun.reflect.DelegatingMethodAccessorImpl.invoke(DelegatingMethodAccessorImpl.java:43)
	at java.lang.reflect.Method.invoke(Method.java:606)
	at junit.framework.TestCase.runTest(TestCase.java:176)
	at junit.framework.TestCase.runBare(TestCase.java:141)
	at junit.framework.TestResult$1.protect(TestResult.java:122)
	at junit.framework.TestResult.runProtected(TestResult.java:142)
	at junit.framework.TestResult.run(TestResult.java:125)
	at junit.framework.TestCase.run(TestCase.java:129)
	at junit.framework.TestSuite.runTest(TestSuite.java:252)
	at junit.framework.TestSuite.run(TestSuite.java:247)
	at org.junit.internal.runners.JUnit38ClassRunner.run(JUnit38ClassRunner.java:86)
	at org.apache.maven.surefire.junit4.JUnit4Provider.execute(JUnit4Provider.java:252)
	at org.apache.maven.surefire.junit4.JUnit4Provider.executeTestSet(JUnit4Provider.java:141)
	at org.apache.maven.surefire.junit4.JUnit4Provider.invoke(JUnit4Provider.java:112)
	at sun.reflect.NativeMethodAccessorImpl.invoke0(Native Method)
	at sun.reflect.NativeMethodAccessorImpl.invoke(NativeMethodAccessorImpl.java:57)
	at sun.reflect.DelegatingMethodAccessorImpl.invoke(DelegatingMethodAccessorImpl.java:43)
	at java.lang.reflect.Method.invoke(Method.java:606)
	at org.apache.maven.surefire.util.ReflectionUtils.invokeMethodWithArray(ReflectionUtils.java:189)
	at org.apache.maven.surefire.booter.ProviderFactory$ProviderProxy.invoke(ProviderFactory.java:165)
	at org.apache.maven.surefire.booter.ProviderFactory.invokeProvider(ProviderFactory.java:85)
	at org.apache.maven.surefire.booter.ForkedBooter.runSuitesInProcess(ForkedBooter.java:115)
	at org.apache.maven.surefire.booter.ForkedBooter.main(ForkedBooter.java:75)

